{"/Users/vijayasimhareddy/sentari-transcript-empathy/src/pipeline.ts": {"path":"/Users/vijayasimhareddy/sentari-transcript-empathy/src/pipeline.ts","statementMap":{"0":{"start":{"line":388,"column":0},"end":{"line":388,"column":7}},"1":{"start":{"line":486,"column":0},"end":{"line":486,"column":16}},"2":{"start":{"line":510,"column":0},"end":{"line":510,"column":16}},"3":{"start":{"line":526,"column":0},"end":{"line":526,"column":7}},"4":{"start":{"line":543,"column":0},"end":{"line":543,"column":7}},"5":{"start":{"line":5,"column":0},"end":{"line":5,"column":36}},"6":{"start":{"line":45,"column":28},"end":{"line":45,"column":30}},"7":{"start":{"line":46,"column":31},"end":{"line":54,"column":2}},"8":{"start":{"line":62,"column":19},"end":{"line":62,"column":76}},"9":{"start":{"line":63,"column":20},"end":{"line":63,"column":80}},"10":{"start":{"line":64,"column":2},"end":{"line":64,"column":81}},"11":{"start":{"line":71,"column":15},"end":{"line":71,"column":59}},"12":{"start":{"line":72,"column":30},"end":{"line":72,"column":32}},"13":{"start":{"line":75,"column":2},"end":{"line":78,"column":3}},"14":{"start":{"line":75,"column":15},"end":{"line":75,"column":16}},"15":{"start":{"line":76,"column":17},"end":{"line":76,"column":63}},"16":{"start":{"line":77,"column":4},"end":{"line":77,"column":76}},"17":{"start":{"line":80,"column":2},"end":{"line":80,"column":19}},"18":{"start":{"line":87,"column":2},"end":{"line":87,"column":38}},"19":{"start":{"line":87,"column":29},"end":{"line":87,"column":38}},"20":{"start":{"line":89,"column":19},"end":{"line":89,"column":20}},"21":{"start":{"line":90,"column":19},"end":{"line":90,"column":20}},"22":{"start":{"line":91,"column":19},"end":{"line":91,"column":20}},"23":{"start":{"line":93,"column":2},"end":{"line":97,"column":3}},"24":{"start":{"line":93,"column":15},"end":{"line":93,"column":16}},"25":{"start":{"line":94,"column":4},"end":{"line":94,"column":30}},"26":{"start":{"line":95,"column":4},"end":{"line":95,"column":30}},"27":{"start":{"line":96,"column":4},"end":{"line":96,"column":30}},"28":{"start":{"line":99,"column":20},"end":{"line":99,"column":65}},"29":{"start":{"line":100,"column":2},"end":{"line":100,"column":54}},"30":{"start":{"line":109,"column":16},"end":{"line":109,"column":73}},"31":{"start":{"line":109,"column":60},"end":{"line":109,"column":72}},"32":{"start":{"line":110,"column":20},"end":{"line":110,"column":73}},"33":{"start":{"line":110,"column":53},"end":{"line":110,"column":72}},"34":{"start":{"line":113,"column":20},"end":{"line":117,"column":4}},"35":{"start":{"line":120,"column":43},"end":{"line":120,"column":45}},"36":{"start":{"line":121,"column":2},"end":{"line":126,"column":5}},"37":{"start":{"line":122,"column":22},"end":{"line":122,"column":48}},"38":{"start":{"line":123,"column":4},"end":{"line":125,"column":5}},"39":{"start":{"line":124,"column":6},"end":{"line":124,"column":59}},"40":{"start":{"line":129,"column":19},"end":{"line":132,"column":26}},"41":{"start":{"line":130,"column":26},"end":{"line":130,"column":31}},"42":{"start":{"line":132,"column":21},"end":{"line":132,"column":25}},"43":{"start":{"line":135,"column":40},"end":{"line":135,"column":42}},"44":{"start":{"line":136,"column":24},"end":{"line":136,"column":93}},"45":{"start":{"line":137,"column":24},"end":{"line":137,"column":90}},"46":{"start":{"line":139,"column":2},"end":{"line":141,"column":5}},"47":{"start":{"line":140,"column":4},"end":{"line":140,"column":88}},"48":{"start":{"line":140,"column":43},"end":{"line":140,"column":88}},"49":{"start":{"line":143,"column":2},"end":{"line":145,"column":5}},"50":{"start":{"line":144,"column":4},"end":{"line":144,"column":88}},"51":{"start":{"line":144,"column":43},"end":{"line":144,"column":88}},"52":{"start":{"line":147,"column":2},"end":{"line":154,"column":4}},"53":{"start":{"line":161,"column":20},"end":{"line":161,"column":38}},"54":{"start":{"line":164,"column":27},"end":{"line":164,"column":29}},"55":{"start":{"line":166,"column":2},"end":{"line":168,"column":3}},"56":{"start":{"line":167,"column":4},"end":{"line":167,"column":37}},"57":{"start":{"line":169,"column":2},"end":{"line":171,"column":3}},"58":{"start":{"line":170,"column":4},"end":{"line":170,"column":26}},"59":{"start":{"line":172,"column":2},"end":{"line":174,"column":3}},"60":{"start":{"line":173,"column":4},"end":{"line":173,"column":26}},"61":{"start":{"line":175,"column":2},"end":{"line":177,"column":3}},"62":{"start":{"line":176,"column":4},"end":{"line":176,"column":33}},"63":{"start":{"line":178,"column":2},"end":{"line":180,"column":3}},"64":{"start":{"line":179,"column":4},"end":{"line":179,"column":28}},"65":{"start":{"line":181,"column":2},"end":{"line":183,"column":3}},"66":{"start":{"line":182,"column":4},"end":{"line":182,"column":28}},"67":{"start":{"line":184,"column":2},"end":{"line":184,"column":62}},"68":{"start":{"line":184,"column":27},"end":{"line":184,"column":62}},"69":{"start":{"line":187,"column":26},"end":{"line":187,"column":28}},"70":{"start":{"line":189,"column":2},"end":{"line":191,"column":3}},"71":{"start":{"line":190,"column":4},"end":{"line":190,"column":24}},"72":{"start":{"line":192,"column":2},"end":{"line":194,"column":3}},"73":{"start":{"line":193,"column":4},"end":{"line":193,"column":26}},"74":{"start":{"line":195,"column":2},"end":{"line":197,"column":3}},"75":{"start":{"line":196,"column":4},"end":{"line":196,"column":28}},"76":{"start":{"line":198,"column":2},"end":{"line":200,"column":3}},"77":{"start":{"line":199,"column":4},"end":{"line":199,"column":29}},"78":{"start":{"line":201,"column":2},"end":{"line":203,"column":3}},"79":{"start":{"line":202,"column":4},"end":{"line":202,"column":22}},"80":{"start":{"line":204,"column":2},"end":{"line":206,"column":3}},"81":{"start":{"line":205,"column":4},"end":{"line":205,"column":23}},"82":{"start":{"line":207,"column":2},"end":{"line":209,"column":3}},"83":{"start":{"line":208,"column":4},"end":{"line":208,"column":25}},"84":{"start":{"line":210,"column":2},"end":{"line":210,"column":51}},"85":{"start":{"line":210,"column":26},"end":{"line":210,"column":51}},"86":{"start":{"line":213,"column":15},"end":{"line":213,"column":46}},"87":{"start":{"line":215,"column":2},"end":{"line":225,"column":3}},"88":{"start":{"line":216,"column":4},"end":{"line":224,"column":5}},"89":{"start":{"line":217,"column":6},"end":{"line":217,"column":40}},"90":{"start":{"line":218,"column":11},"end":{"line":224,"column":5}},"91":{"start":{"line":219,"column":6},"end":{"line":219,"column":48}},"92":{"start":{"line":220,"column":11},"end":{"line":224,"column":5}},"93":{"start":{"line":221,"column":6},"end":{"line":221,"column":39}},"94":{"start":{"line":222,"column":11},"end":{"line":224,"column":5}},"95":{"start":{"line":223,"column":6},"end":{"line":223,"column":39}},"96":{"start":{"line":228,"column":16},"end":{"line":228,"column":54}},"97":{"start":{"line":230,"column":2},"end":{"line":232,"column":3}},"98":{"start":{"line":231,"column":4},"end":{"line":231,"column":51}},"99":{"start":{"line":233,"column":2},"end":{"line":235,"column":3}},"100":{"start":{"line":234,"column":4},"end":{"line":234,"column":47}},"101":{"start":{"line":236,"column":2},"end":{"line":238,"column":3}},"102":{"start":{"line":237,"column":4},"end":{"line":237,"column":52}},"103":{"start":{"line":241,"column":27},"end":{"line":241,"column":29}},"104":{"start":{"line":243,"column":2},"end":{"line":245,"column":3}},"105":{"start":{"line":244,"column":4},"end":{"line":244,"column":29}},"106":{"start":{"line":246,"column":2},"end":{"line":248,"column":3}},"107":{"start":{"line":247,"column":4},"end":{"line":247,"column":26}},"108":{"start":{"line":249,"column":2},"end":{"line":251,"column":3}},"109":{"start":{"line":250,"column":4},"end":{"line":250,"column":30}},"110":{"start":{"line":252,"column":2},"end":{"line":254,"column":3}},"111":{"start":{"line":253,"column":4},"end":{"line":253,"column":33}},"112":{"start":{"line":255,"column":2},"end":{"line":255,"column":56}},"113":{"start":{"line":255,"column":27},"end":{"line":255,"column":56}},"114":{"start":{"line":258,"column":28},"end":{"line":258,"column":30}},"115":{"start":{"line":260,"column":2},"end":{"line":268,"column":3}},"116":{"start":{"line":261,"column":4},"end":{"line":261,"column":25}},"117":{"start":{"line":262,"column":9},"end":{"line":268,"column":3}},"118":{"start":{"line":263,"column":4},"end":{"line":263,"column":26}},"119":{"start":{"line":264,"column":9},"end":{"line":268,"column":3}},"120":{"start":{"line":265,"column":4},"end":{"line":265,"column":26}},"121":{"start":{"line":267,"column":4},"end":{"line":267,"column":28}},"122":{"start":{"line":270,"column":2},"end":{"line":277,"column":4}},"123":{"start":{"line":285,"column":2},"end":{"line":287,"column":5}},"124":{"start":{"line":286,"column":4},"end":{"line":286,"column":79}},"125":{"start":{"line":290,"column":2},"end":{"line":292,"column":5}},"126":{"start":{"line":291,"column":4},"end":{"line":291,"column":75}},"127":{"start":{"line":295,"column":2},"end":{"line":297,"column":5}},"128":{"start":{"line":296,"column":4},"end":{"line":296,"column":83}},"129":{"start":{"line":300,"column":2},"end":{"line":304,"column":5}},"130":{"start":{"line":301,"column":4},"end":{"line":303,"column":5}},"131":{"start":{"line":302,"column":6},"end":{"line":302,"column":41}},"132":{"start":{"line":307,"column":2},"end":{"line":310,"column":29}},"133":{"start":{"line":308,"column":26},"end":{"line":308,"column":31}},"134":{"start":{"line":310,"column":22},"end":{"line":310,"column":27}},"135":{"start":{"line":313,"column":22},"end":{"line":314,"column":32}},"136":{"start":{"line":314,"column":26},"end":{"line":314,"column":31}},"137":{"start":{"line":316,"column":2},"end":{"line":318,"column":3}},"138":{"start":{"line":317,"column":4},"end":{"line":317,"column":50}},"139":{"start":{"line":321,"column":2},"end":{"line":323,"column":3}},"140":{"start":{"line":322,"column":4},"end":{"line":322,"column":45}},"141":{"start":{"line":325,"column":2},"end":{"line":325,"column":21}},"142":{"start":{"line":332,"column":22},"end":{"line":332,"column":52}},"143":{"start":{"line":333,"column":23},"end":{"line":333,"column":51}},"144":{"start":{"line":335,"column":2},"end":{"line":380,"column":3}},"145":{"start":{"line":337,"column":56},"end":{"line":346,"column":6}},"146":{"start":{"line":348,"column":4},"end":{"line":348,"column":85}},"147":{"start":{"line":351,"column":57},"end":{"line":360,"column":6}},"148":{"start":{"line":362,"column":19},"end":{"line":362,"column":107}},"149":{"start":{"line":365,"column":4},"end":{"line":377,"column":5}},"150":{"start":{"line":366,"column":54},"end":{"line":371,"column":8}},"151":{"start":{"line":373,"column":21},"end":{"line":373,"column":50}},"152":{"start":{"line":374,"column":6},"end":{"line":376,"column":7}},"153":{"start":{"line":375,"column":8},"end":{"line":375,"column":65}},"154":{"start":{"line":379,"column":4},"end":{"line":379,"column":20}},"155":{"start":{"line":393,"column":20},"end":{"line":393,"column":30}},"156":{"start":{"line":396,"column":18},"end":{"line":396,"column":35}},"157":{"start":{"line":397,"column":2},"end":{"line":397,"column":73}},"158":{"start":{"line":400,"column":20},"end":{"line":400,"column":44}},"159":{"start":{"line":401,"column":2},"end":{"line":401,"column":98}},"160":{"start":{"line":404,"column":17},"end":{"line":404,"column":34}},"161":{"start":{"line":405,"column":2},"end":{"line":405,"column":104}},"162":{"start":{"line":405,"column":56},"end":{"line":405,"column":60}},"163":{"start":{"line":408,"column":18},"end":{"line":408,"column":36}},"164":{"start":{"line":409,"column":2},"end":{"line":409,"column":96}},"165":{"start":{"line":412,"column":19},"end":{"line":412,"column":43}},"166":{"start":{"line":413,"column":2},"end":{"line":413,"column":84}},"167":{"start":{"line":416,"column":17},"end":{"line":416,"column":36}},"168":{"start":{"line":417,"column":2},"end":{"line":417,"column":90}},"169":{"start":{"line":420,"column":16},"end":{"line":420,"column":21}},"170":{"start":{"line":421,"column":2},"end":{"line":432,"column":3}},"171":{"start":{"line":423,"column":28},"end":{"line":424,"column":null}},"172":{"start":{"line":424,"column":6},"end":{"line":424,"column":68}},"173":{"start":{"line":424,"column":39},"end":{"line":424,"column":67}},"174":{"start":{"line":428,"column":25},"end":{"line":428,"column":90}},"175":{"start":{"line":428,"column":45},"end":{"line":428,"column":89}},"176":{"start":{"line":429,"column":26},"end":{"line":429,"column":51}},"177":{"start":{"line":431,"column":4},"end":{"line":431,"column":54}},"178":{"start":{"line":433,"column":2},"end":{"line":434,"column":180}},"179":{"start":{"line":434,"column":115},"end":{"line":434,"column":155}},"180":{"start":{"line":437,"column":22},"end":{"line":440,"column":40}},"181":{"start":{"line":441,"column":2},"end":{"line":442,"column":86}},"182":{"start":{"line":445,"column":25},"end":{"line":445,"column":50}},"183":{"start":{"line":446,"column":2},"end":{"line":446,"column":97}},"184":{"start":{"line":449,"column":18},"end":{"line":449,"column":82}},"185":{"start":{"line":450,"column":31},"end":{"line":456,"column":4}},"186":{"start":{"line":457,"column":2},"end":{"line":457,"column":25}},"187":{"start":{"line":458,"column":2},"end":{"line":458,"column":76}},"188":{"start":{"line":461,"column":23},"end":{"line":461,"column":43}},"189":{"start":{"line":462,"column":23},"end":{"line":462,"column":75}},"190":{"start":{"line":463,"column":2},"end":{"line":464,"column":84}},"191":{"start":{"line":467,"column":17},"end":{"line":467,"column":76}},"192":{"start":{"line":468,"column":2},"end":{"line":468,"column":71}},"193":{"start":{"line":471,"column":18},"end":{"line":471,"column":28}},"194":{"start":{"line":472,"column":18},"end":{"line":472,"column":37}},"195":{"start":{"line":473,"column":19},"end":{"line":473,"column":24}},"196":{"start":{"line":474,"column":2},"end":{"line":476,"column":76}},"197":{"start":{"line":478,"column":2},"end":{"line":478,"column":16}},"198":{"start":{"line":487,"column":26},"end":{"line":498,"column":4}},"199":{"start":{"line":500,"column":2},"end":{"line":504,"column":3}},"200":{"start":{"line":500,"column":15},"end":{"line":500,"column":16}},"201":{"start":{"line":501,"column":23},"end":{"line":501,"column":66}},"202":{"start":{"line":502,"column":22},"end":{"line":502,"column":82}},"203":{"start":{"line":503,"column":4},"end":{"line":503,"column":46}},"204":{"start":{"line":511,"column":2},"end":{"line":511,"column":21}},"205":{"start":{"line":512,"column":2},"end":{"line":520,"column":4}},"206":{"start":{"line":527,"column":2},"end":{"line":527,"column":51}},"207":{"start":{"line":528,"column":2},"end":{"line":528,"column":15}},"208":{"start":{"line":530,"column":25},"end":{"line":530,"column":139}},"209":{"start":{"line":531,"column":17},"end":{"line":531,"column":56}},"210":{"start":{"line":533,"column":2},"end":{"line":533,"column":36}},"211":{"start":{"line":534,"column":2},"end":{"line":534,"column":45}},"212":{"start":{"line":535,"column":2},"end":{"line":535,"column":92}},"213":{"start":{"line":536,"column":2},"end":{"line":536,"column":46}},"214":{"start":{"line":537,"column":2},"end":{"line":537,"column":61}},"215":{"start":{"line":544,"column":2},"end":{"line":544,"column":51}},"216":{"start":{"line":545,"column":2},"end":{"line":545,"column":15}},"217":{"start":{"line":547,"column":2},"end":{"line":547,"column":50}},"218":{"start":{"line":548,"column":2},"end":{"line":548,"column":26}},"219":{"start":{"line":549,"column":2},"end":{"line":549,"column":88}},"220":{"start":{"line":551,"column":25},"end":{"line":551,"column":139}},"221":{"start":{"line":552,"column":17},"end":{"line":552,"column":56}},"222":{"start":{"line":554,"column":2},"end":{"line":554,"column":36}},"223":{"start":{"line":555,"column":2},"end":{"line":555,"column":45}},"224":{"start":{"line":556,"column":2},"end":{"line":556,"column":92}},"225":{"start":{"line":557,"column":2},"end":{"line":557,"column":46}},"226":{"start":{"line":559,"column":2},"end":{"line":559,"column":54}},"227":{"start":{"line":560,"column":2},"end":{"line":560,"column":61}},"228":{"start":{"line":561,"column":2},"end":{"line":561,"column":66}},"229":{"start":{"line":562,"column":2},"end":{"line":562,"column":50}},"230":{"start":{"line":564,"column":2},"end":{"line":564,"column":61}}},"fnMap":{"0":{"name":"log","decl":{"start":{"line":61,"column":9},"end":{"line":61,"column":12}},"loc":{"start":{"line":61,"column":68},"end":{"line":65,"column":1}}},"1":{"name":"createEmbedding","decl":{"start":{"line":70,"column":9},"end":{"line":70,"column":24}},"loc":{"start":{"line":70,"column":37},"end":{"line":81,"column":1}}},"2":{"name":"cosineSimilarity","decl":{"start":{"line":86,"column":9},"end":{"line":86,"column":25}},"loc":{"start":{"line":86,"column":50},"end":{"line":101,"column":1}}},"3":{"name":"extractMetaData","decl":{"start":{"line":108,"column":9},"end":{"line":108,"column":24}},"loc":{"start":{"line":108,"column":37},"end":{"line":155,"column":1}}},"4":{"name":"(anonymous_4)","decl":{"start":{"line":109,"column":55},"end":{"line":109,"column":56}},"loc":{"start":{"line":109,"column":60},"end":{"line":109,"column":72}}},"5":{"name":"(anonymous_5)","decl":{"start":{"line":110,"column":48},"end":{"line":110,"column":49}},"loc":{"start":{"line":110,"column":53},"end":{"line":110,"column":72}}},"6":{"name":"(anonymous_6)","decl":{"start":{"line":121,"column":16},"end":{"line":121,"column":20}},"loc":{"start":{"line":121,"column":23},"end":{"line":126,"column":3}}},"7":{"name":"(anonymous_7)","decl":{"start":{"line":130,"column":10},"end":{"line":130,"column":11}},"loc":{"start":{"line":130,"column":26},"end":{"line":130,"column":31}}},"8":{"name":"(anonymous_8)","decl":{"start":{"line":132,"column":9},"end":{"line":132,"column":10}},"loc":{"start":{"line":132,"column":21},"end":{"line":132,"column":25}}},"9":{"name":"(anonymous_9)","decl":{"start":{"line":139,"column":24},"end":{"line":139,"column":28}},"loc":{"start":{"line":139,"column":31},"end":{"line":141,"column":3}}},"10":{"name":"(anonymous_10)","decl":{"start":{"line":143,"column":24},"end":{"line":143,"column":28}},"loc":{"start":{"line":143,"column":31},"end":{"line":145,"column":3}}},"11":{"name":"parseEntry","decl":{"start":{"line":160,"column":9},"end":{"line":160,"column":19}},"loc":{"start":{"line":160,"column":32},"end":{"line":278,"column":1}}},"12":{"name":"updateUserProfile","decl":{"start":{"line":283,"column":9},"end":{"line":283,"column":26}},"loc":{"start":{"line":283,"column":46},"end":{"line":326,"column":1}}},"13":{"name":"(anonymous_13)","decl":{"start":{"line":285,"column":23},"end":{"line":285,"column":28}},"loc":{"start":{"line":285,"column":31},"end":{"line":287,"column":3}}},"14":{"name":"(anonymous_14)","decl":{"start":{"line":290,"column":22},"end":{"line":290,"column":26}},"loc":{"start":{"line":290,"column":29},"end":{"line":292,"column":3}}},"15":{"name":"(anonymous_15)","decl":{"start":{"line":295,"column":24},"end":{"line":295,"column":30}},"loc":{"start":{"line":295,"column":33},"end":{"line":297,"column":3}}},"16":{"name":"(anonymous_16)","decl":{"start":{"line":300,"column":31},"end":{"line":300,"column":36}},"loc":{"start":{"line":300,"column":39},"end":{"line":304,"column":3}}},"17":{"name":"(anonymous_17)","decl":{"start":{"line":308,"column":10},"end":{"line":308,"column":11}},"loc":{"start":{"line":308,"column":26},"end":{"line":308,"column":31}}},"18":{"name":"(anonymous_18)","decl":{"start":{"line":310,"column":9},"end":{"line":310,"column":10}},"loc":{"start":{"line":310,"column":22},"end":{"line":310,"column":27}}},"19":{"name":"(anonymous_19)","decl":{"start":{"line":314,"column":10},"end":{"line":314,"column":11}},"loc":{"start":{"line":314,"column":26},"end":{"line":314,"column":31}}},"20":{"name":"generateEmpathicReply","decl":{"start":{"line":331,"column":9},"end":{"line":331,"column":30}},"loc":{"start":{"line":331,"column":91},"end":{"line":381,"column":1}}},"21":{"name":"processTranscript","decl":{"start":{"line":388,"column":22},"end":{"line":388,"column":39}},"loc":{"start":{"line":388,"column":58},"end":{"line":479,"column":1}}},"22":{"name":"(anonymous_22)","decl":{"start":{"line":405,"column":51},"end":{"line":405,"column":52}},"loc":{"start":{"line":405,"column":56},"end":{"line":405,"column":60}}},"23":{"name":"(anonymous_23)","decl":{"start":{"line":423,"column":40},"end":{"line":423,"column":45}},"loc":{"start":{"line":424,"column":6},"end":{"line":424,"column":68}}},"24":{"name":"(anonymous_24)","decl":{"start":{"line":424,"column":30},"end":{"line":424,"column":35}},"loc":{"start":{"line":424,"column":39},"end":{"line":424,"column":67}}},"25":{"name":"(anonymous_25)","decl":{"start":{"line":428,"column":36},"end":{"line":428,"column":41}},"loc":{"start":{"line":428,"column":45},"end":{"line":428,"column":89}}},"26":{"name":"(anonymous_26)","decl":{"start":{"line":434,"column":110},"end":{"line":434,"column":111}},"loc":{"start":{"line":434,"column":115},"end":{"line":434,"column":155}}},"27":{"name":"generateMockEntries","decl":{"start":{"line":486,"column":16},"end":{"line":486,"column":35}},"loc":{"start":{"line":486,"column":49},"end":{"line":505,"column":1}}},"28":{"name":"resetState","decl":{"start":{"line":510,"column":16},"end":{"line":510,"column":26}},"loc":{"start":{"line":510,"column":26},"end":{"line":521,"column":1}}},"29":{"name":"simulateFirst","decl":{"start":{"line":526,"column":22},"end":{"line":526,"column":35}},"loc":{"start":{"line":526,"column":35},"end":{"line":538,"column":1}}},"30":{"name":"simulateHundred","decl":{"start":{"line":543,"column":22},"end":{"line":543,"column":37}},"loc":{"start":{"line":543,"column":37},"end":{"line":565,"column":1}}}},"branchMap":{"0":{"loc":{"start":{"line":61,"column":51},"end":{"line":61,"column":68}},"type":"default-arg","locations":[{"start":{"line":61,"column":66},"end":{"line":61,"column":68}}]},"1":{"loc":{"start":{"line":62,"column":19},"end":{"line":62,"column":76}},"type":"cond-expr","locations":[{"start":{"line":62,"column":47},"end":{"line":62,"column":52}},{"start":{"line":62,"column":55},"end":{"line":62,"column":76}}]},"2":{"loc":{"start":{"line":63,"column":20},"end":{"line":63,"column":80}},"type":"cond-expr","locations":[{"start":{"line":63,"column":49},"end":{"line":63,"column":55}},{"start":{"line":63,"column":58},"end":{"line":63,"column":80}}]},"3":{"loc":{"start":{"line":87,"column":2},"end":{"line":87,"column":38}},"type":"if","locations":[{"start":{"line":87,"column":2},"end":{"line":87,"column":38}}]},"4":{"loc":{"start":{"line":100,"column":9},"end":{"line":100,"column":53}},"type":"cond-expr","locations":[{"start":{"line":100,"column":27},"end":{"line":100,"column":28}},{"start":{"line":100,"column":31},"end":{"line":100,"column":53}}]},"5":{"loc":{"start":{"line":123,"column":4},"end":{"line":125,"column":5}},"type":"if","locations":[{"start":{"line":123,"column":4},"end":{"line":125,"column":5}}]},"6":{"loc":{"start":{"line":123,"column":8},"end":{"line":123,"column":57}},"type":"binary-expr","locations":[{"start":{"line":123,"column":8},"end":{"line":123,"column":33}},{"start":{"line":123,"column":37},"end":{"line":123,"column":57}}]},"7":{"loc":{"start":{"line":124,"column":29},"end":{"line":124,"column":53}},"type":"binary-expr","locations":[{"start":{"line":124,"column":29},"end":{"line":124,"column":48}},{"start":{"line":124,"column":52},"end":{"line":124,"column":53}}]},"8":{"loc":{"start":{"line":140,"column":4},"end":{"line":140,"column":88}},"type":"if","locations":[{"start":{"line":140,"column":4},"end":{"line":140,"column":88}}]},"9":{"loc":{"start":{"line":144,"column":4},"end":{"line":144,"column":88}},"type":"if","locations":[{"start":{"line":144,"column":4},"end":{"line":144,"column":88}}]},"10":{"loc":{"start":{"line":166,"column":2},"end":{"line":168,"column":3}},"type":"if","locations":[{"start":{"line":166,"column":2},"end":{"line":168,"column":3}}]},"11":{"loc":{"start":{"line":169,"column":2},"end":{"line":171,"column":3}},"type":"if","locations":[{"start":{"line":169,"column":2},"end":{"line":171,"column":3}}]},"12":{"loc":{"start":{"line":172,"column":2},"end":{"line":174,"column":3}},"type":"if","locations":[{"start":{"line":172,"column":2},"end":{"line":174,"column":3}}]},"13":{"loc":{"start":{"line":175,"column":2},"end":{"line":177,"column":3}},"type":"if","locations":[{"start":{"line":175,"column":2},"end":{"line":177,"column":3}}]},"14":{"loc":{"start":{"line":178,"column":2},"end":{"line":180,"column":3}},"type":"if","locations":[{"start":{"line":178,"column":2},"end":{"line":180,"column":3}}]},"15":{"loc":{"start":{"line":181,"column":2},"end":{"line":183,"column":3}},"type":"if","locations":[{"start":{"line":181,"column":2},"end":{"line":183,"column":3}}]},"16":{"loc":{"start":{"line":184,"column":2},"end":{"line":184,"column":62}},"type":"if","locations":[{"start":{"line":184,"column":2},"end":{"line":184,"column":62}}]},"17":{"loc":{"start":{"line":189,"column":2},"end":{"line":191,"column":3}},"type":"if","locations":[{"start":{"line":189,"column":2},"end":{"line":191,"column":3}}]},"18":{"loc":{"start":{"line":192,"column":2},"end":{"line":194,"column":3}},"type":"if","locations":[{"start":{"line":192,"column":2},"end":{"line":194,"column":3}}]},"19":{"loc":{"start":{"line":195,"column":2},"end":{"line":197,"column":3}},"type":"if","locations":[{"start":{"line":195,"column":2},"end":{"line":197,"column":3}}]},"20":{"loc":{"start":{"line":198,"column":2},"end":{"line":200,"column":3}},"type":"if","locations":[{"start":{"line":198,"column":2},"end":{"line":200,"column":3}}]},"21":{"loc":{"start":{"line":201,"column":2},"end":{"line":203,"column":3}},"type":"if","locations":[{"start":{"line":201,"column":2},"end":{"line":203,"column":3}}]},"22":{"loc":{"start":{"line":204,"column":2},"end":{"line":206,"column":3}},"type":"if","locations":[{"start":{"line":204,"column":2},"end":{"line":206,"column":3}}]},"23":{"loc":{"start":{"line":207,"column":2},"end":{"line":209,"column":3}},"type":"if","locations":[{"start":{"line":207,"column":2},"end":{"line":209,"column":3}}]},"24":{"loc":{"start":{"line":210,"column":2},"end":{"line":210,"column":51}},"type":"if","locations":[{"start":{"line":210,"column":2},"end":{"line":210,"column":51}}]},"25":{"loc":{"start":{"line":215,"column":2},"end":{"line":225,"column":3}},"type":"if","locations":[{"start":{"line":215,"column":2},"end":{"line":225,"column":3}}]},"26":{"loc":{"start":{"line":216,"column":4},"end":{"line":224,"column":5}},"type":"if","locations":[{"start":{"line":216,"column":4},"end":{"line":224,"column":5}},{"start":{"line":218,"column":11},"end":{"line":224,"column":5}}]},"27":{"loc":{"start":{"line":216,"column":8},"end":{"line":216,"column":96}},"type":"binary-expr","locations":[{"start":{"line":216,"column":8},"end":{"line":216,"column":34}},{"start":{"line":216,"column":38},"end":{"line":216,"column":65}},{"start":{"line":216,"column":69},"end":{"line":216,"column":96}}]},"28":{"loc":{"start":{"line":218,"column":11},"end":{"line":224,"column":5}},"type":"if","locations":[{"start":{"line":218,"column":11},"end":{"line":224,"column":5}},{"start":{"line":220,"column":11},"end":{"line":224,"column":5}}]},"29":{"loc":{"start":{"line":218,"column":15},"end":{"line":218,"column":112}},"type":"binary-expr","locations":[{"start":{"line":218,"column":15},"end":{"line":218,"column":47}},{"start":{"line":218,"column":51},"end":{"line":218,"column":79}},{"start":{"line":218,"column":83},"end":{"line":218,"column":112}}]},"30":{"loc":{"start":{"line":220,"column":11},"end":{"line":224,"column":5}},"type":"if","locations":[{"start":{"line":220,"column":11},"end":{"line":224,"column":5}},{"start":{"line":222,"column":11},"end":{"line":224,"column":5}}]},"31":{"loc":{"start":{"line":220,"column":15},"end":{"line":220,"column":108}},"type":"binary-expr","locations":[{"start":{"line":220,"column":15},"end":{"line":220,"column":44}},{"start":{"line":220,"column":48},"end":{"line":220,"column":76}},{"start":{"line":220,"column":80},"end":{"line":220,"column":108}}]},"32":{"loc":{"start":{"line":222,"column":11},"end":{"line":224,"column":5}},"type":"if","locations":[{"start":{"line":222,"column":11},"end":{"line":224,"column":5}}]},"33":{"loc":{"start":{"line":222,"column":15},"end":{"line":222,"column":74}},"type":"binary-expr","locations":[{"start":{"line":222,"column":15},"end":{"line":222,"column":41}},{"start":{"line":222,"column":45},"end":{"line":222,"column":74}}]},"34":{"loc":{"start":{"line":230,"column":2},"end":{"line":232,"column":3}},"type":"if","locations":[{"start":{"line":230,"column":2},"end":{"line":232,"column":3}}]},"35":{"loc":{"start":{"line":230,"column":6},"end":{"line":230,"column":96}},"type":"binary-expr","locations":[{"start":{"line":230,"column":6},"end":{"line":230,"column":31}},{"start":{"line":230,"column":35},"end":{"line":230,"column":64}},{"start":{"line":230,"column":68},"end":{"line":230,"column":96}}]},"36":{"loc":{"start":{"line":233,"column":2},"end":{"line":235,"column":3}},"type":"if","locations":[{"start":{"line":233,"column":2},"end":{"line":235,"column":3}}]},"37":{"loc":{"start":{"line":233,"column":6},"end":{"line":233,"column":96}},"type":"binary-expr","locations":[{"start":{"line":233,"column":6},"end":{"line":233,"column":34}},{"start":{"line":233,"column":38},"end":{"line":233,"column":66}},{"start":{"line":233,"column":70},"end":{"line":233,"column":96}}]},"38":{"loc":{"start":{"line":236,"column":2},"end":{"line":238,"column":3}},"type":"if","locations":[{"start":{"line":236,"column":2},"end":{"line":238,"column":3}}]},"39":{"loc":{"start":{"line":236,"column":6},"end":{"line":236,"column":104}},"type":"binary-expr","locations":[{"start":{"line":236,"column":6},"end":{"line":236,"column":34}},{"start":{"line":236,"column":38},"end":{"line":236,"column":71}},{"start":{"line":236,"column":75},"end":{"line":236,"column":104}}]},"40":{"loc":{"start":{"line":243,"column":2},"end":{"line":245,"column":3}},"type":"if","locations":[{"start":{"line":243,"column":2},"end":{"line":245,"column":3}}]},"41":{"loc":{"start":{"line":246,"column":2},"end":{"line":248,"column":3}},"type":"if","locations":[{"start":{"line":246,"column":2},"end":{"line":248,"column":3}}]},"42":{"loc":{"start":{"line":249,"column":2},"end":{"line":251,"column":3}},"type":"if","locations":[{"start":{"line":249,"column":2},"end":{"line":251,"column":3}}]},"43":{"loc":{"start":{"line":252,"column":2},"end":{"line":254,"column":3}},"type":"if","locations":[{"start":{"line":252,"column":2},"end":{"line":254,"column":3}}]},"44":{"loc":{"start":{"line":255,"column":2},"end":{"line":255,"column":56}},"type":"if","locations":[{"start":{"line":255,"column":2},"end":{"line":255,"column":56}}]},"45":{"loc":{"start":{"line":260,"column":2},"end":{"line":268,"column":3}},"type":"if","locations":[{"start":{"line":260,"column":2},"end":{"line":268,"column":3}},{"start":{"line":262,"column":9},"end":{"line":268,"column":3}}]},"46":{"loc":{"start":{"line":262,"column":9},"end":{"line":268,"column":3}},"type":"if","locations":[{"start":{"line":262,"column":9},"end":{"line":268,"column":3}},{"start":{"line":264,"column":9},"end":{"line":268,"column":3}}]},"47":{"loc":{"start":{"line":264,"column":9},"end":{"line":268,"column":3}},"type":"if","locations":[{"start":{"line":264,"column":9},"end":{"line":268,"column":3}},{"start":{"line":266,"column":9},"end":{"line":268,"column":3}}]},"48":{"loc":{"start":{"line":286,"column":38},"end":{"line":286,"column":73}},"type":"binary-expr","locations":[{"start":{"line":286,"column":38},"end":{"line":286,"column":68}},{"start":{"line":286,"column":72},"end":{"line":286,"column":73}}]},"49":{"loc":{"start":{"line":291,"column":36},"end":{"line":291,"column":69}},"type":"binary-expr","locations":[{"start":{"line":291,"column":36},"end":{"line":291,"column":64}},{"start":{"line":291,"column":68},"end":{"line":291,"column":69}}]},"50":{"loc":{"start":{"line":296,"column":40},"end":{"line":296,"column":77}},"type":"binary-expr","locations":[{"start":{"line":296,"column":40},"end":{"line":296,"column":72}},{"start":{"line":296,"column":76},"end":{"line":296,"column":77}}]},"51":{"loc":{"start":{"line":301,"column":4},"end":{"line":303,"column":5}},"type":"if","locations":[{"start":{"line":301,"column":4},"end":{"line":303,"column":5}}]},"52":{"loc":{"start":{"line":316,"column":2},"end":{"line":318,"column":3}},"type":"if","locations":[{"start":{"line":316,"column":2},"end":{"line":318,"column":3}}]},"53":{"loc":{"start":{"line":321,"column":2},"end":{"line":323,"column":3}},"type":"if","locations":[{"start":{"line":321,"column":2},"end":{"line":323,"column":3}}]},"54":{"loc":{"start":{"line":332,"column":22},"end":{"line":332,"column":52}},"type":"binary-expr","locations":[{"start":{"line":332,"column":22},"end":{"line":332,"column":36}},{"start":{"line":332,"column":40},"end":{"line":332,"column":52}}]},"55":{"loc":{"start":{"line":333,"column":23},"end":{"line":333,"column":51}},"type":"binary-expr","locations":[{"start":{"line":333,"column":23},"end":{"line":333,"column":38}},{"start":{"line":333,"column":42},"end":{"line":333,"column":51}}]},"56":{"loc":{"start":{"line":335,"column":2},"end":{"line":380,"column":3}},"type":"if","locations":[{"start":{"line":335,"column":2},"end":{"line":380,"column":3}},{"start":{"line":349,"column":9},"end":{"line":380,"column":3}}]},"57":{"loc":{"start":{"line":348,"column":11},"end":{"line":348,"column":84}},"type":"binary-expr","locations":[{"start":{"line":348,"column":11},"end":{"line":348,"column":43}},{"start":{"line":348,"column":47},"end":{"line":348,"column":84}}]},"58":{"loc":{"start":{"line":362,"column":19},"end":{"line":362,"column":107}},"type":"binary-expr","locations":[{"start":{"line":362,"column":19},"end":{"line":362,"column":52}},{"start":{"line":362,"column":56},"end":{"line":362,"column":107}}]},"59":{"loc":{"start":{"line":365,"column":4},"end":{"line":377,"column":5}},"type":"if","locations":[{"start":{"line":365,"column":4},"end":{"line":377,"column":5}}]},"60":{"loc":{"start":{"line":374,"column":6},"end":{"line":376,"column":7}},"type":"if","locations":[{"start":{"line":374,"column":6},"end":{"line":376,"column":7}}]},"61":{"loc":{"start":{"line":374,"column":10},"end":{"line":374,"column":59}},"type":"binary-expr","locations":[{"start":{"line":374,"column":10},"end":{"line":374,"column":16}},{"start":{"line":374,"column":20},"end":{"line":374,"column":59}}]},"62":{"loc":{"start":{"line":421,"column":2},"end":{"line":432,"column":3}},"type":"if","locations":[{"start":{"line":421,"column":2},"end":{"line":432,"column":3}}]},"63":{"loc":{"start":{"line":431,"column":14},"end":{"line":431,"column":53}},"type":"binary-expr","locations":[{"start":{"line":431,"column":14},"end":{"line":431,"column":29}},{"start":{"line":431,"column":33},"end":{"line":431,"column":53}}]},"64":{"loc":{"start":{"line":434,"column":24},"end":{"line":434,"column":46}},"type":"cond-expr","locations":[{"start":{"line":434,"column":34},"end":{"line":434,"column":39}},{"start":{"line":434,"column":42},"end":{"line":434,"column":46}}]},"65":{"loc":{"start":{"line":434,"column":67},"end":{"line":434,"column":176}},"type":"cond-expr","locations":[{"start":{"line":434,"column":87},"end":{"line":434,"column":168}},{"start":{"line":434,"column":171},"end":{"line":434,"column":176}}]},"66":{"loc":{"start":{"line":437,"column":22},"end":{"line":440,"column":40}},"type":"binary-expr","locations":[{"start":{"line":437,"column":22},"end":{"line":437,"column":43}},{"start":{"line":438,"column":21},"end":{"line":438,"column":43}},{"start":{"line":439,"column":21},"end":{"line":439,"column":65}},{"start":{"line":440,"column":21},"end":{"line":440,"column":40}}]},"67":{"loc":{"start":{"line":442,"column":56},"end":{"line":442,"column":82}},"type":"cond-expr","locations":[{"start":{"line":442,"column":70},"end":{"line":442,"column":75}},{"start":{"line":442,"column":78},"end":{"line":442,"column":82}}]}},"s":{"0":1,"1":1,"2":1,"3":1,"4":1,"5":1,"6":1,"7":1,"8":7345,"9":7345,"10":7345,"11":565,"12":565,"13":565,"14":565,"15":216960,"16":216960,"17":565,"18":5050,"19":0,"20":5050,"21":5050,"22":5050,"23":5050,"24":5050,"25":1939200,"26":1939200,"27":1939200,"28":5050,"29":5050,"30":565,"31":16717,"32":565,"33":2618,"34":565,"35":565,"36":565,"37":12517,"38":12517,"39":9331,"40":565,"41":5622,"42":2710,"43":565,"44":565,"45":565,"46":565,"47":3955,"48":154,"49":565,"50":3955,"51":49,"52":565,"53":565,"54":565,"55":565,"56":168,"57":565,"58":52,"59":565,"60":0,"61":565,"62":0,"63":565,"64":0,"65":565,"66":0,"67":565,"68":345,"69":565,"70":565,"71":6,"72":565,"73":60,"74":565,"75":52,"76":565,"77":48,"78":565,"79":99,"80":565,"81":49,"82":565,"83":48,"84":565,"85":354,"86":565,"87":565,"88":51,"89":2,"90":49,"91":0,"92":49,"93":0,"94":49,"95":0,"96":565,"97":565,"98":150,"99":565,"100":2,"101":565,"102":0,"103":565,"104":565,"105":0,"106":565,"107":0,"108":565,"109":0,"110":565,"111":0,"112":565,"113":565,"114":565,"115":565,"116":49,"117":516,"118":0,"119":516,"120":2,"121":514,"122":565,"123":565,"124":565,"125":565,"126":716,"127":565,"128":565,"129":565,"130":565,"131":31,"132":565,"133":1073,"134":1544,"135":565,"136":5150,"137":565,"138":565,"139":565,"140":565,"141":565,"142":565,"143":565,"144":565,"145":31,"146":31,"147":534,"148":534,"149":534,"150":472,"151":472,"152":472,"153":0,"154":534,"155":565,"156":565,"157":565,"158":565,"159":565,"160":565,"161":565,"162":2525,"163":565,"164":565,"165":565,"166":565,"167":565,"168":565,"169":565,"170":565,"171":534,"172":1074,"173":1074,"174":534,"175":2525,"176":534,"177":534,"178":565,"179":2525,"180":565,"181":565,"182":565,"183":565,"184":565,"185":565,"186":565,"187":565,"188":565,"189":565,"190":565,"191":565,"192":565,"193":565,"194":565,"195":565,"196":565,"197":565,"198":7,"199":7,"200":7,"201":483,"202":483,"203":483,"204":31,"205":31,"206":0,"207":0,"208":0,"209":0,"210":0,"211":0,"212":0,"213":0,"214":0,"215":0,"216":0,"217":0,"218":0,"219":0,"220":0,"221":0,"222":0,"223":0,"224":0,"225":0,"226":0,"227":0,"228":0,"229":0,"230":0},"f":{"0":7345,"1":565,"2":5050,"3":565,"4":16717,"5":2618,"6":12517,"7":5622,"8":2710,"9":3955,"10":3955,"11":565,"12":565,"13":565,"14":716,"15":565,"16":565,"17":1073,"18":1544,"19":5150,"20":565,"21":565,"22":2525,"23":1074,"24":1074,"25":2525,"26":2525,"27":7,"28":31,"29":0,"30":0},"b":{"0":[0],"1":[3390,3955],"2":[2291,5054],"3":[0],"4":[0,5050],"5":[9331],"6":[12517,9792],"7":[9331,6182],"8":[154],"9":[49],"10":[168],"11":[52],"12":[0],"13":[0],"14":[0],"15":[0],"16":[345],"17":[6],"18":[60],"19":[52],"20":[48],"21":[99],"22":[49],"23":[48],"24":[354],"25":[51],"26":[2,49],"27":[51,49,49],"28":[0,49],"29":[49,49,49],"30":[0,49],"31":[49,49,49],"32":[0],"33":[49,49],"34":[150],"35":[565,416,416],"36":[2],"37":[565,563,563],"38":[0],"39":[565,565,565],"40":[0],"41":[0],"42":[0],"43":[0],"44":[565],"45":[49,516],"46":[0,516],"47":[2,514],"48":[565,50],"49":[716,75],"50":[565,38],"51":[31],"52":[565],"53":[565],"54":[565,0],"55":[565,0],"56":[31,534],"57":[31,0],"58":[534,0],"59":[472],"60":[0],"61":[472,152],"62":[534],"63":[534,62],"64":[472,93],"65":[534,31],"66":[565,534,534,210],"67":[169,396]}}
}
