TN:
SF:src/pipeline.ts
FN:61,log
FN:70,createEmbedding
FN:86,cosineSimilarity
FN:108,extractMetaData
FN:109,(anonymous_4)
FN:110,(anonymous_5)
FN:121,(anonymous_6)
FN:130,(anonymous_7)
FN:132,(anonymous_8)
FN:139,(anonymous_9)
FN:143,(anonymous_10)
FN:160,parseEntry
FN:295,updateUserProfile
FN:297,(anonymous_13)
FN:302,(anonymous_14)
FN:307,(anonymous_15)
FN:312,(anonymous_16)
FN:320,(anonymous_17)
FN:322,(anonymous_18)
FN:326,(anonymous_19)
FN:343,generateEmpathicReply
FN:410,processTranscript
FN:427,(anonymous_22)
FN:445,(anonymous_23)
FN:446,(anonymous_24)
FN:450,(anonymous_25)
FN:456,(anonymous_26)
FN:508,generateMockEntries
FN:532,resetState
FN:548,simulateFirst
FN:565,simulateHundred
FNF:31
FNH:29
FNDA:7410,log
FNDA:570,createEmbedding
FNDA:5100,cosineSimilarity
FNDA:570,extractMetaData
FNDA:16757,(anonymous_4)
FNDA:2628,(anonymous_5)
FNDA:12550,(anonymous_6)
FNDA:5644,(anonymous_7)
FNDA:2734,(anonymous_8)
FNDA:3990,(anonymous_9)
FNDA:3990,(anonymous_10)
FNDA:572,parseEntry
FNDA:570,updateUserProfile
FNDA:572,(anonymous_13)
FNDA:721,(anonymous_14)
FNDA:570,(anonymous_15)
FNDA:570,(anonymous_16)
FNDA:1112,(anonymous_17)
FNDA:1578,(anonymous_18)
FNDA:5175,(anonymous_19)
FNDA:570,generateEmpathicReply
FNDA:570,processTranscript
FNDA:2550,(anonymous_22)
FNDA:1099,(anonymous_23)
FNDA:1103,(anonymous_24)
FNDA:2550,(anonymous_25)
FNDA:2550,(anonymous_26)
FNDA:7,generateMockEntries
FNDA:31,resetState
FNDA:0,simulateFirst
FNDA:0,simulateHundred
DA:5,1
DA:45,1
DA:46,1
DA:62,7410
DA:63,7410
DA:64,7410
DA:71,570
DA:72,570
DA:75,570
DA:76,218880
DA:77,218880
DA:80,570
DA:87,5100
DA:89,5100
DA:90,5100
DA:91,5100
DA:93,5100
DA:94,1958400
DA:95,1958400
DA:96,1958400
DA:99,5100
DA:100,5100
DA:109,16757
DA:110,2628
DA:113,570
DA:120,570
DA:121,570
DA:122,12550
DA:123,12550
DA:124,9359
DA:129,570
DA:130,5644
DA:132,2734
DA:135,570
DA:136,570
DA:137,570
DA:139,570
DA:140,3990
DA:143,570
DA:144,3990
DA:147,570
DA:160,1
DA:161,572
DA:164,572
DA:166,572
DA:167,172
DA:169,572
DA:170,54
DA:172,572
DA:173,1
DA:175,572
DA:176,1
DA:178,572
DA:179,0
DA:181,572
DA:182,0
DA:184,572
DA:187,572
DA:189,572
DA:190,6
DA:192,572
DA:193,62
DA:195,572
DA:196,53
DA:198,572
DA:199,48
DA:201,572
DA:202,99
DA:204,572
DA:205,50
DA:207,572
DA:208,48
DA:210,572
DA:213,572
DA:215,572
DA:216,52
DA:217,2
DA:218,50
DA:219,0
DA:220,50
DA:221,1
DA:222,49
DA:223,0
DA:228,572
DA:230,572
DA:231,151
DA:233,572
DA:234,2
DA:236,572
DA:237,0
DA:241,572
DA:243,572
DA:244,0
DA:246,572
DA:247,0
DA:249,572
DA:250,0
DA:252,572
DA:253,0
DA:255,572
DA:258,572
DA:260,572
DA:261,49
DA:262,523
DA:263,0
DA:264,523
DA:265,2
DA:267,521
DA:271,572
DA:272,572
DA:273,572
DA:274,569
DA:275,569
DA:278,572
DA:279,572
DA:280,572
DA:282,572
DA:297,570
DA:298,572
DA:302,570
DA:303,721
DA:307,570
DA:308,570
DA:312,570
DA:313,570
DA:314,31
DA:319,570
DA:320,1112
DA:322,1578
DA:325,570
DA:326,5175
DA:328,570
DA:329,570
DA:333,570
DA:334,570
DA:337,570
DA:344,570
DA:345,570
DA:347,570
DA:349,31
DA:360,31
DA:363,539
DA:375,539
DA:378,539
DA:379,476
DA:388,476
DA:389,476
DA:390,155
DA:391,155
DA:392,0
DA:397,539
DA:398,49
DA:401,539
DA:410,1
DA:415,570
DA:418,570
DA:419,570
DA:422,570
DA:423,570
DA:426,570
DA:427,2550
DA:430,570
DA:431,570
DA:434,570
DA:435,570
DA:438,570
DA:439,570
DA:442,570
DA:443,570
DA:445,539
DA:446,1103
DA:450,2550
DA:451,539
DA:453,539
DA:455,570
DA:456,2550
DA:459,570
DA:463,570
DA:467,570
DA:468,570
DA:471,570
DA:472,570
DA:479,570
DA:480,570
DA:483,570
DA:484,570
DA:485,570
DA:489,570
DA:490,570
DA:493,570
DA:494,570
DA:495,570
DA:496,570
DA:500,570
DA:508,1
DA:509,7
DA:522,7
DA:523,483
DA:524,483
DA:525,483
DA:532,1
DA:533,31
DA:534,31
DA:548,1
DA:549,0
DA:550,0
DA:552,0
DA:553,0
DA:555,0
DA:556,0
DA:557,0
DA:558,0
DA:559,0
DA:565,1
DA:566,0
DA:567,0
DA:569,0
DA:570,0
DA:571,0
DA:573,0
DA:574,0
DA:576,0
DA:577,0
DA:578,0
DA:579,0
DA:581,0
DA:582,0
DA:583,0
DA:584,0
DA:586,0
LF:230
LH:194
BRDA:61,0,0,0
BRDA:62,1,0,3420
BRDA:62,1,1,3990
BRDA:63,2,0,2311
BRDA:63,2,1,5099
BRDA:87,3,0,0
BRDA:100,4,0,0
BRDA:100,4,1,5100
BRDA:123,5,0,9359
BRDA:123,6,0,12550
BRDA:123,6,1,9821
BRDA:124,7,0,9359
BRDA:124,7,1,6209
BRDA:140,8,0,155
BRDA:144,9,0,49
BRDA:166,10,0,172
BRDA:169,11,0,54
BRDA:172,12,0,1
BRDA:175,13,0,1
BRDA:178,14,0,0
BRDA:181,15,0,0
BRDA:184,16,0,346
BRDA:189,17,0,6
BRDA:192,18,0,62
BRDA:195,19,0,53
BRDA:198,20,0,48
BRDA:201,21,0,99
BRDA:204,22,0,50
BRDA:207,23,0,48
BRDA:210,24,0,357
BRDA:215,25,0,52
BRDA:216,26,0,2
BRDA:216,26,1,50
BRDA:216,27,0,52
BRDA:216,27,1,50
BRDA:216,27,2,50
BRDA:218,28,0,0
BRDA:218,28,1,50
BRDA:218,29,0,50
BRDA:218,29,1,50
BRDA:218,29,2,50
BRDA:220,30,0,1
BRDA:220,30,1,49
BRDA:220,31,0,50
BRDA:220,31,1,50
BRDA:220,31,2,49
BRDA:222,32,0,0
BRDA:222,33,0,49
BRDA:222,33,1,49
BRDA:230,34,0,151
BRDA:230,35,0,572
BRDA:230,35,1,422
BRDA:230,35,2,422
BRDA:233,36,0,2
BRDA:233,37,0,572
BRDA:233,37,1,570
BRDA:233,37,2,570
BRDA:236,38,0,0
BRDA:236,39,0,572
BRDA:236,39,1,572
BRDA:236,39,2,572
BRDA:243,40,0,0
BRDA:246,41,0,0
BRDA:249,42,0,0
BRDA:252,43,0,0
BRDA:255,44,0,572
BRDA:260,45,0,49
BRDA:260,45,1,523
BRDA:262,46,0,0
BRDA:262,46,1,523
BRDA:264,47,0,2
BRDA:264,47,1,521
BRDA:272,48,0,0
BRDA:272,48,1,572
BRDA:273,49,0,3
BRDA:273,49,1,569
BRDA:274,50,0,0
BRDA:274,50,1,569
BRDA:275,51,0,48
BRDA:298,52,0,572
BRDA:298,52,1,53
BRDA:303,53,0,721
BRDA:303,53,1,77
BRDA:308,54,0,570
BRDA:308,54,1,31
BRDA:313,55,0,31
BRDA:328,56,0,570
BRDA:333,57,0,570
BRDA:344,58,0,570
BRDA:344,58,1,0
BRDA:345,59,0,570
BRDA:345,59,1,0
BRDA:347,60,0,31
BRDA:347,60,1,539
BRDA:360,61,0,31
BRDA:360,61,1,0
BRDA:375,62,0,539
BRDA:375,62,1,0
BRDA:378,63,0,476
BRDA:389,64,0,155
BRDA:391,65,0,0
BRDA:397,66,0,49
BRDA:443,67,0,539
BRDA:453,68,0,539
BRDA:453,68,1,63
BRDA:456,69,0,476
BRDA:456,69,1,94
BRDA:456,70,0,539
BRDA:456,70,1,31
BRDA:459,71,0,570
BRDA:459,71,1,539
BRDA:459,71,2,539
BRDA:459,71,3,212
BRDA:464,72,0,171
BRDA:464,72,1,399
BRF:115
BRH:95
end_of_record
