TN:
SF:src/pipeline.ts
FN:61,log
FN:70,createEmbedding
FN:86,cosineSimilarity
FN:108,extractMetaData
FN:109,(anonymous_4)
FN:110,(anonymous_5)
FN:121,(anonymous_6)
FN:130,(anonymous_7)
FN:132,(anonymous_8)
FN:139,(anonymous_9)
FN:143,(anonymous_10)
FN:160,parseEntry
FN:283,updateUserProfile
FN:285,(anonymous_13)
FN:290,(anonymous_14)
FN:295,(anonymous_15)
FN:300,(anonymous_16)
FN:308,(anonymous_17)
FN:310,(anonymous_18)
FN:314,(anonymous_19)
FN:331,generateEmpathicReply
FN:388,processTranscript
FN:405,(anonymous_22)
FN:423,(anonymous_23)
FN:424,(anonymous_24)
FN:428,(anonymous_25)
FN:434,(anonymous_26)
FN:486,generateMockEntries
FN:510,resetState
FN:526,simulateFirst
FN:543,simulateHundred
FNF:31
FNH:29
FNDA:7345,log
FNDA:565,createEmbedding
FNDA:5050,cosineSimilarity
FNDA:565,extractMetaData
FNDA:16717,(anonymous_4)
FNDA:2618,(anonymous_5)
FNDA:12517,(anonymous_6)
FNDA:5622,(anonymous_7)
FNDA:2710,(anonymous_8)
FNDA:3955,(anonymous_9)
FNDA:3955,(anonymous_10)
FNDA:565,parseEntry
FNDA:565,updateUserProfile
FNDA:565,(anonymous_13)
FNDA:716,(anonymous_14)
FNDA:565,(anonymous_15)
FNDA:565,(anonymous_16)
FNDA:1073,(anonymous_17)
FNDA:1544,(anonymous_18)
FNDA:5150,(anonymous_19)
FNDA:565,generateEmpathicReply
FNDA:565,processTranscript
FNDA:2525,(anonymous_22)
FNDA:1074,(anonymous_23)
FNDA:1074,(anonymous_24)
FNDA:2525,(anonymous_25)
FNDA:2525,(anonymous_26)
FNDA:7,generateMockEntries
FNDA:31,resetState
FNDA:0,simulateFirst
FNDA:0,simulateHundred
DA:5,1
DA:45,1
DA:46,1
DA:62,7345
DA:63,7345
DA:64,7345
DA:71,565
DA:72,565
DA:75,565
DA:76,216960
DA:77,216960
DA:80,565
DA:87,5050
DA:89,5050
DA:90,5050
DA:91,5050
DA:93,5050
DA:94,1939200
DA:95,1939200
DA:96,1939200
DA:99,5050
DA:100,5050
DA:109,16717
DA:110,2618
DA:113,565
DA:120,565
DA:121,565
DA:122,12517
DA:123,12517
DA:124,9331
DA:129,565
DA:130,5622
DA:132,2710
DA:135,565
DA:136,565
DA:137,565
DA:139,565
DA:140,3955
DA:143,565
DA:144,3955
DA:147,565
DA:161,565
DA:164,565
DA:166,565
DA:167,168
DA:169,565
DA:170,52
DA:172,565
DA:173,0
DA:175,565
DA:176,0
DA:178,565
DA:179,0
DA:181,565
DA:182,0
DA:184,565
DA:187,565
DA:189,565
DA:190,6
DA:192,565
DA:193,60
DA:195,565
DA:196,52
DA:198,565
DA:199,48
DA:201,565
DA:202,99
DA:204,565
DA:205,49
DA:207,565
DA:208,48
DA:210,565
DA:213,565
DA:215,565
DA:216,51
DA:217,2
DA:218,49
DA:219,0
DA:220,49
DA:221,0
DA:222,49
DA:223,0
DA:228,565
DA:230,565
DA:231,150
DA:233,565
DA:234,2
DA:236,565
DA:237,0
DA:241,565
DA:243,565
DA:244,0
DA:246,565
DA:247,0
DA:249,565
DA:250,0
DA:252,565
DA:253,0
DA:255,565
DA:258,565
DA:260,565
DA:261,49
DA:262,516
DA:263,0
DA:264,516
DA:265,2
DA:267,514
DA:270,565
DA:285,565
DA:286,565
DA:290,565
DA:291,716
DA:295,565
DA:296,565
DA:300,565
DA:301,565
DA:302,31
DA:307,565
DA:308,1073
DA:310,1544
DA:313,565
DA:314,5150
DA:316,565
DA:317,565
DA:321,565
DA:322,565
DA:325,565
DA:332,565
DA:333,565
DA:335,565
DA:337,31
DA:348,31
DA:351,534
DA:362,534
DA:365,534
DA:366,472
DA:373,472
DA:374,472
DA:375,0
DA:379,534
DA:388,1
DA:393,565
DA:396,565
DA:397,565
DA:400,565
DA:401,565
DA:404,565
DA:405,2525
DA:408,565
DA:409,565
DA:412,565
DA:413,565
DA:416,565
DA:417,565
DA:420,565
DA:421,565
DA:423,534
DA:424,1074
DA:428,2525
DA:429,534
DA:431,534
DA:433,565
DA:434,2525
DA:437,565
DA:441,565
DA:445,565
DA:446,565
DA:449,565
DA:450,565
DA:457,565
DA:458,565
DA:461,565
DA:462,565
DA:463,565
DA:467,565
DA:468,565
DA:471,565
DA:472,565
DA:473,565
DA:474,565
DA:478,565
DA:486,1
DA:487,7
DA:500,7
DA:501,483
DA:502,483
DA:503,483
DA:510,1
DA:511,31
DA:512,31
DA:526,1
DA:527,0
DA:528,0
DA:530,0
DA:531,0
DA:533,0
DA:534,0
DA:535,0
DA:536,0
DA:537,0
DA:543,1
DA:544,0
DA:545,0
DA:547,0
DA:548,0
DA:549,0
DA:551,0
DA:552,0
DA:554,0
DA:555,0
DA:556,0
DA:557,0
DA:559,0
DA:560,0
DA:561,0
DA:562,0
DA:564,0
LF:217
LH:178
BRDA:61,0,0,0
BRDA:62,1,0,3390
BRDA:62,1,1,3955
BRDA:63,2,0,2291
BRDA:63,2,1,5054
BRDA:87,3,0,0
BRDA:100,4,0,0
BRDA:100,4,1,5050
BRDA:123,5,0,9331
BRDA:123,6,0,12517
BRDA:123,6,1,9792
BRDA:124,7,0,9331
BRDA:124,7,1,6182
BRDA:140,8,0,154
BRDA:144,9,0,49
BRDA:166,10,0,168
BRDA:169,11,0,52
BRDA:172,12,0,0
BRDA:175,13,0,0
BRDA:178,14,0,0
BRDA:181,15,0,0
BRDA:184,16,0,345
BRDA:189,17,0,6
BRDA:192,18,0,60
BRDA:195,19,0,52
BRDA:198,20,0,48
BRDA:201,21,0,99
BRDA:204,22,0,49
BRDA:207,23,0,48
BRDA:210,24,0,354
BRDA:215,25,0,51
BRDA:216,26,0,2
BRDA:216,26,1,49
BRDA:216,27,0,51
BRDA:216,27,1,49
BRDA:216,27,2,49
BRDA:218,28,0,0
BRDA:218,28,1,49
BRDA:218,29,0,49
BRDA:218,29,1,49
BRDA:218,29,2,49
BRDA:220,30,0,0
BRDA:220,30,1,49
BRDA:220,31,0,49
BRDA:220,31,1,49
BRDA:220,31,2,49
BRDA:222,32,0,0
BRDA:222,33,0,49
BRDA:222,33,1,49
BRDA:230,34,0,150
BRDA:230,35,0,565
BRDA:230,35,1,416
BRDA:230,35,2,416
BRDA:233,36,0,2
BRDA:233,37,0,565
BRDA:233,37,1,563
BRDA:233,37,2,563
BRDA:236,38,0,0
BRDA:236,39,0,565
BRDA:236,39,1,565
BRDA:236,39,2,565
BRDA:243,40,0,0
BRDA:246,41,0,0
BRDA:249,42,0,0
BRDA:252,43,0,0
BRDA:255,44,0,565
BRDA:260,45,0,49
BRDA:260,45,1,516
BRDA:262,46,0,0
BRDA:262,46,1,516
BRDA:264,47,0,2
BRDA:264,47,1,514
BRDA:286,48,0,565
BRDA:286,48,1,50
BRDA:291,49,0,716
BRDA:291,49,1,75
BRDA:296,50,0,565
BRDA:296,50,1,38
BRDA:301,51,0,31
BRDA:316,52,0,565
BRDA:321,53,0,565
BRDA:332,54,0,565
BRDA:332,54,1,0
BRDA:333,55,0,565
BRDA:333,55,1,0
BRDA:335,56,0,31
BRDA:335,56,1,534
BRDA:348,57,0,31
BRDA:348,57,1,0
BRDA:362,58,0,534
BRDA:362,58,1,0
BRDA:365,59,0,472
BRDA:374,60,0,0
BRDA:374,61,0,472
BRDA:374,61,1,152
BRDA:421,62,0,534
BRDA:431,63,0,534
BRDA:431,63,1,62
BRDA:434,64,0,472
BRDA:434,64,1,93
BRDA:434,65,0,534
BRDA:434,65,1,31
BRDA:437,66,0,565
BRDA:437,66,1,534
BRDA:437,66,2,534
BRDA:437,66,3,210
BRDA:442,67,0,169
BRDA:442,67,1,396
BRF:108
BRH:87
end_of_record
